Build started 2018-01-29 21:26:55.
     1>Project "D:\git\Computer-Graphics\opengl-tutorial\bin-vc12\tutorial01_first_window.vcxproj" on node 2 (Build target(s)).
     1>CustomBuild:
         Building Custom Rule D:/git/Computer-Graphics/opengl-tutorial/ogl-master/CMakeLists.txt
         CMake does not need to re-run because D:/git/Computer-Graphics/opengl-tutorial/bin-vc12/CMakeFiles/generate.stamp is up-to-date.
       ClCompile:
         D:\Program Files (x86)\Microsoft Visual Studio 12.0\VC\bin\CL.exe /c /I"D:\git\Computer-Graphics\opengl-tutorial\ogl-master\external\AntTweakBar-1.16\include" /I"D:\git\Computer-Graphics\opengl-tutorial\ogl-master\external\glfw-3.1.2\include\GLFW" /I"D:\git\Computer-Graphics\opengl-tutorial\ogl-master\external\glm-0.9.7.1" /I"D:\git\Computer-Graphics\opengl-tutorial\ogl-master\external\glew-1.13.0\include" /I"D:\git\Computer-Graphics\opengl-tutorial\ogl-master\external\assimp-3.0.1270\include" /I"D:\git\Computer-Graphics\opengl-tutorial\ogl-master\external\bullet-2.81-rev2613\src" /I"D:\git\Computer-Graphics\opengl-tutorial\ogl-master\." /Zi /nologo /W3 /WX- /MP /Od /Ob0 /Oy- /D WIN32 /D _WINDOWS /D TW_STATIC /D TW_NO_LIB_PRAGMA /D TW_NO_DIRECT3D /D GLEW_STATIC /D _CRT_SECURE_NO_WARNINGS /D "CMAKE_INTDIR=\"Debug\"" /D _MBCS /Gm- /EHsc /RTC1 /MDd /GS /fp:precise /Zc:wchar_t /Zc:forScope /GR /Fo"tutorial01_first_window.dir\Debug\\" /Fd"tutorial01_first_window.dir\Debug\vc120.pdb" /Gd /TP /analyze- /errorReport:prompt "D:\git\Computer-Graphics\opengl-tutorial\ogl-master\tutorial01_first_window\tutorial01.cpp"
         tutorial01.cpp
       Link:
         D:\Program Files (x86)\Microsoft Visual Studio 12.0\VC\bin\link.exe /ERRORREPORT:PROMPT /OUT:"D:\git\Computer-Graphics\opengl-tutorial\bin-vc12\Debug\tutorial01_first_window.exe" /INCREMENTAL /NOLOGO opengl32.lib glu32.lib "external\glfw-3.1.2\src\Debug\glfw3.lib" external\Debug\GLEW_1130.lib opengl32.lib glu32.lib kernel32.lib user32.lib gdi32.lib winspool.lib shell32.lib ole32.lib oleaut32.lib uuid.lib comdlg32.lib advapi32.lib /MANIFEST /MANIFESTUAC:"level='asInvoker' uiAccess='false'" /manifest:embed /DEBUG /PDB:"D:/git/Computer-Graphics/opengl-tutorial/bin-vc12/Debug/tutorial01_first_window.pdb" /SUBSYSTEM:CONSOLE /TLBID:1 /DYNAMICBASE /NXCOMPAT /IMPLIB:"D:/git/Computer-Graphics/opengl-tutorial/bin-vc12/Debug/tutorial01_first_window.lib" /MACHINE:X86 /SAFESEH  /machine:X86 tutorial01_first_window.dir\Debug\tutorial01.obj
         tutorial01_first_window.vcxproj -> D:\git\Computer-Graphics\opengl-tutorial\bin-vc12\Debug\tutorial01_first_window.exe
       PostBuildEvent:
         setlocal
         "D:\Program Files\CMake\bin\cmake.exe" -E copy D:/git/Computer-Graphics/opengl-tutorial/bin-vc12/Debug/tutorial01_first_window.exe D:/git/Computer-Graphics/opengl-tutorial/ogl-master/tutorial01_first_window/
         if %errorlevel% neq 0 goto :cmEnd
         :cmEnd
         endlocal & call :cmErrorLevel %errorlevel% & goto :cmDone
         :cmErrorLevel
         exit /b %1
         :cmDone
         if %errorlevel% neq 0 goto :VCEnd
         :VCEnd
     1>Done Building Project "D:\git\Computer-Graphics\opengl-tutorial\bin-vc12\tutorial01_first_window.vcxproj" (Build target(s)).

Build succeeded.

Time Elapsed 00:00:01.59
